{"/home/lusia/Документы/RSS-REACT/class-components/react-class-components/src/components/Block/Block.tsx": {"path":"/home/lusia/Документы/RSS-REACT/class-components/react-class-components/src/components/Block/Block.tsx","statementMap":{"0":{"start":{"line":1,"column":0},"end":{"line":1,"column":26}},"1":{"start":{"line":2,"column":0},"end":{"line":2,"column":41}},"2":{"start":{"line":9,"column":37},"end":{"line":25,"column":1}},"3":{"start":{"line":9,"column":47},"end":{"line":9,"column":49}},"4":{"start":{"line":10,"column":2},"end":{"line":24,"column":4}},"5":{"start":{"line":15,"column":28},"end":{"line":21,"column":10}},"6":{"start":{"line":27,"column":0},"end":{"line":27,"column":21}}},"fnMap":{"0":{"name":"(anonymous_1)","decl":{"start":{"line":9,"column":37},"end":{"line":9,"column":38}},"loc":{"start":{"line":9,"column":49},"end":{"line":25,"column":1}}},"1":{"name":"(anonymous_2)","decl":{"start":{"line":15,"column":20},"end":{"line":15,"column":24}},"loc":{"start":{"line":15,"column":24},"end":{"line":15,"column":null}}}},"branchMap":{"0":{"loc":{"start":{"line":12,"column":7},"end":{"line":21,"column":null}},"type":"cond-expr","locations":[{"start":{"line":13,"column":8},"end":{"line":13,"column":36}},{"start":{"line":15,"column":8},"end":{"line":21,"column":10}}]}},"s":{"0":1,"1":1,"2":1,"3":2,"4":2,"5":1,"6":1},"f":{"0":2,"1":1},"b":{"0":[1,1]}}
,"/home/lusia/Документы/RSS-REACT/class-components/react-class-components/src/components/Pagination/Pagination.tsx": {"path":"/home/lusia/Документы/RSS-REACT/class-components/react-class-components/src/components/Pagination/Pagination.tsx","statementMap":{"0":{"start":{"line":1,"column":0},"end":{"line":1,"column":26}},"1":{"start":{"line":2,"column":0},"end":{"line":2,"column":46}},"2":{"start":{"line":11,"column":46},"end":{"line":33,"column":1}},"3":{"start":{"line":12,"column":12},"end":{"line":12,"column":null}},"4":{"start":{"line":13,"column":14},"end":{"line":13,"column":null}},"5":{"start":{"line":14,"column":13},"end":{"line":14,"column":null}},"6":{"start":{"line":15,"column":14},"end":{"line":15,"column":null}},"7":{"start":{"line":17,"column":21},"end":{"line":17,"column":57}},"8":{"start":{"line":19,"column":2},"end":{"line":32,"column":4}},"9":{"start":{"line":21,"column":56},"end":{"line":30,"column":8}},"10":{"start":{"line":26,"column":25},"end":{"line":26,"column":null}},"11":{"start":{"line":35,"column":0},"end":{"line":35,"column":26}}},"fnMap":{"0":{"name":"(anonymous_1)","decl":{"start":{"line":11,"column":46},"end":{"line":11,"column":47}},"loc":{"start":{"line":16,"column":1},"end":{"line":33,"column":1}}},"1":{"name":"(anonymous_2)","decl":{"start":{"line":21,"column":42},"end":{"line":21,"column":43}},"loc":{"start":{"line":21,"column":51},"end":{"line":21,"column":null}}},"2":{"name":"(anonymous_3)","decl":{"start":{"line":26,"column":19},"end":{"line":26,"column":25}},"loc":{"start":{"line":26,"column":19},"end":{"line":26,"column":37}}}},"branchMap":{},"s":{"0":1,"1":1,"2":1,"3":3,"4":3,"5":3,"6":3,"7":3,"8":3,"9":15,"10":1,"11":1},"f":{"0":3,"1":15,"2":1},"b":{}}
}
